[2025-05-24 15:22:48] Starting order notification check...
[2025-05-24 15:22:48] Found 24 orders to check for preparation notifications
[2025-05-24 15:22:48] Sending preparation notification for order #6
[2025-05-24 15:22:48] Updated order #6 status to preparation
[2025-05-24 15:22:48] Sending preparation notification for order #8
[2025-05-24 15:22:48] Updated order #8 status to preparation
[2025-05-24 15:22:48] Sending preparation notification for order #9
[2025-05-24 15:22:48] Updated order #9 status to preparation
[2025-05-24 15:22:48] Sending preparation notification for order #10
[2025-05-24 15:22:48] Updated order #10 status to preparation
[2025-05-24 15:22:48] Sending preparation notification for order #11
[2025-05-24 15:22:48] Updated order #11 status to preparation
[2025-05-24 15:22:48] Sending preparation notification for order #12
[2025-05-24 15:22:48] Updated order #12 status to preparation
[2025-05-24 15:22:48] Sending preparation notification for order #13
[2025-05-24 15:22:48] Updated order #13 status to preparation
[2025-05-24 15:22:48] Sending preparation notification for order #14
[2025-05-24 15:22:48] Updated order #14 status to preparation
[2025-05-24 15:22:48] Sending preparation notification for order #15
[2025-05-24 15:22:48] Updated order #15 status to preparation
[2025-05-24 15:22:48] Sending preparation notification for order #16
[2025-05-24 15:22:48] Updated order #16 status to preparation
[2025-05-24 15:22:48] Sending preparation notification for order #17
[2025-05-24 15:22:48] Updated order #17 status to preparation
[2025-05-24 15:22:48] Sending preparation notification for order #18
[2025-05-24 15:22:48] Updated order #18 status to preparation
[2025-05-24 15:22:48] Sending preparation notification for order #19
[2025-05-24 15:22:48] Updated order #19 status to preparation
[2025-05-24 15:22:48] Sending preparation notification for order #20
[2025-05-24 15:22:48] Updated order #20 status to preparation
[2025-05-24 15:22:48] Sending preparation notification for order #21
[2025-05-24 15:22:48] Updated order #21 status to preparation
[2025-05-24 15:22:48] Sending preparation notification for order #22
[2025-05-24 15:22:48] Updated order #22 status to preparation
[2025-05-24 15:22:48] Sending preparation notification for order #24
[2025-05-24 15:22:48] Updated order #24 status to preparation
[2025-05-24 15:22:48] Sending preparation notification for order #25
[2025-05-24 15:22:48] Updated order #25 status to preparation
[2025-05-24 15:22:48] Sending preparation notification for order #26
[2025-05-24 15:22:48] Updated order #26 status to preparation
[2025-05-24 15:22:48] Sending preparation notification for order #27
[2025-05-24 15:22:48] Updated order #27 status to preparation
[2025-05-24 15:22:48] Sending preparation notification for order #28
[2025-05-24 15:22:48] Updated order #28 status to preparation
[2025-05-24 15:22:48] Sending preparation notification for order #29
[2025-05-24 15:22:48] Updated order #29 status to preparation
[2025-05-24 15:22:48] Sending preparation notification for order #33
[2025-05-24 15:22:48] Updated order #33 status to preparation
[2025-05-24 15:22:48] Sending preparation notification for order #34
[2025-05-24 15:22:48] Updated order #34 status to preparation
[2025-05-24 15:22:48] Order notification check completed
